[06/10/24 22:23:22] - Connecting . . .
[06/10/24 22:23:46] - Connecting . . .
[06/10/24 22:23:48] - Connected, you login as KSR CLOUD
[06/10/24 22:32:45] - Connecting . . .
[06/10/24 22:32:46] - Connected, you login as KSR CLOUD
[06/10/24 23:18:15] - Connecting . . .
[06/10/24 23:18:16] - Connected, you login as KSR CLOUD
[06/10/24 23:18:24] - Connecting . . .
[06/10/24 23:18:26] - Connected, you login as KSR CLOUD
[06/10/24 23:19:04] - Connecting . . .
[06/10/24 23:19:06] - Connected, you login as KSR CLOUD
[06/10/24 23:25:01] - Connecting . . .
[06/10/24 23:25:02] - Connected, you login as KSR CLOUD
[06/10/24 23:25:11] - Connecting . . .
[06/10/24 23:25:12] - Connected, you login as KSR CLOUD
[06/10/24 23:33:27] - Connecting . . .
[06/10/24 23:33:28] - Connected, you login as KSR CLOUD
[06/10/24 23:34:16] - Connecting . . .
[06/10/24 23:34:17] - Connected, you login as KSR CLOUD
[06/10/24 23:44:42] - Connecting . . .
[06/10/24 23:44:44] - Connected, you login as KSR CLOUD
[06/10/24 23:51:54] - Connecting . . .
[06/10/24 23:52:15] - Connecting . . .
[06/10/24 23:52:18] - Connected, you login as KSR CLOUD
[07/10/24 00:02:03] - Connecting . . .
[07/10/24 00:02:05] - Connected, you login as KSR CLOUD
[07/10/24 00:29:00] - Connecting . . .
[07/10/24 00:29:02] - Connected, you login as KSR CLOUD
[07/10/24 00:30:29] - Connecting . . .
[07/10/24 00:30:31] - Connected, you login as KSR CLOUD
[07/10/24 00:35:09] - Connecting . . .
[07/10/24 00:35:11] - Connected, you login as KSR CLOUD
[07/10/24 00:44:48] - Connecting . . .
[07/10/24 00:44:49] - Connected, you login as KSR CLOUD
[07/10/24 15:02:38] - Connecting . . .
[07/10/24 15:02:41] - Connected, you login as KSR CLOUD
[07/10/24 15:54:34] - Connecting . . .
[07/10/24 15:54:35] - Connected, you login as KSR CLOUD
[07/10/24 22:53:29] - Connecting . . .
[07/10/24 22:53:30] - Connected, you login as KSR CLOUD
[08/10/24 00:23:20] - Connection closed, reconnecting . . .
[08/10/24 00:23:20] - Connecting . . .
[08/10/24 00:23:22] - Connected, you login as KSR CLOUD
[08/10/24 01:49:07] - Connection closed, reconnecting . . .
[08/10/24 01:49:07] - Connecting . . .
[08/10/24 01:49:10] - Connected, you login as KSR CLOUD
[08/10/24 05:20:20] - Connection error. (Reason: 503)
[08/10/24 05:20:23] - Connecting . . .
[08/10/24 05:20:25] - Connected, you login as KSR CLOUD
[08/10/24 05:37:25] - Connection error. (Reason: 503)
[08/10/24 05:37:27] - Connecting . . .
[08/10/24 05:37:29] - Connected, you login as KSR CLOUD
[08/10/24 13:07:55] - Connecting . . .
[08/10/24 13:07:58] - Connected, you login as KSR CLOUD
[08/10/24 15:04:37] - Connecting . . .
[08/10/24 15:04:37] - Connected, you login as KSR CLOUD
[08/10/24 15:06:58] - Connecting . . .
[08/10/24 15:06:59] - Connected, you login as KSR CLOUD
[08/10/24 15:21:03] - Connecting . . .
[08/10/24 15:21:04] - Connected, you login as KSR CLOUD
[08/10/24 15:27:24] - Connecting . . .
[08/10/24 15:27:26] - Connected, you login as KSR CLOUD
[08/10/24 15:45:55] - Connecting . . .
[08/10/24 15:45:56] - Connected, you login as KSR CLOUD
[08/10/24 15:58:37] - Connecting . . .
[08/10/24 15:58:39] - Connected, you login as KSR CLOUD
[09/10/24 00:06:22] - Connection closed, reconnecting . . .
[09/10/24 00:06:22] - Connecting . . .
[09/10/24 00:06:23] - Connected, you login as KSR CLOUD
[09/10/24 01:23:13] - Connection closed, reconnecting . . .
[09/10/24 01:23:13] - Connecting . . .
[09/10/24 01:23:15] - Connected, you login as KSR CLOUD
[09/10/24 04:20:25] - Connection error. (Reason: 503)
[09/10/24 04:20:28] - Connecting . . .
[09/10/24 04:20:30] - Connected, you login as KSR CLOUD
[09/10/24 04:25:00] - Connection error. (Reason: 503)
[09/10/24 04:25:02] - Connecting . . .
[09/10/24 04:25:03] - Connected, you login as KSR CLOUD
[09/10/24 04:26:45] - Connection error. (Reason: 503)
[09/10/24 04:26:47] - Connecting . . .
[09/10/24 04:26:48] - Connected, you login as KSR CLOUD
[09/10/24 04:37:24] - Connection error. (Reason: 503)
[09/10/24 04:37:26] - Connecting . . .
[09/10/24 04:37:27] - Connected, you login as KSR CLOUD
[09/10/24 08:25:14] - Connecting . . .
[09/10/24 08:25:15] - Connected, you login as KSR CLOUD
[09/10/24 08:32:05] - Connecting . . .
[09/10/24 08:32:07] - Connected, you login as KSR CLOUD
[09/10/24 09:10:26] - Connecting . . .
[09/10/24 09:10:28] - Connected, you login as KSR CLOUD
[09/10/24 13:19:13] - Connecting . . .
[09/10/24 13:19:14] - Connected, you login as KSR CLOUD
[09/10/24 13:19:31] - Connecting . . .
[09/10/24 13:19:33] - Connected, you login as KSR CLOUD
[09/10/24 13:26:54] - Connecting . . .
[09/10/24 13:26:56] - Connected, you login as KSR CLOUD
[09/10/24 13:28:05] - Connecting . . .
[09/10/24 13:28:06] - Connected, you login as KSR CLOUD
[09/10/24 13:28:35] - Connecting . . .
[09/10/24 13:28:37] - Connected, you login as KSR CLOUD
[09/10/24 13:36:06] - Connecting . . .
[09/10/24 13:36:07] - Connected, you login as KSR CLOUD
[09/10/24 13:36:20] - Connecting . . .
[09/10/24 13:36:21] - Connected, you login as KSR CLOUD
[09/10/24 13:36:37] - Connecting . . .
[09/10/24 13:36:39] - Connected, you login as KSR CLOUD
[09/10/24 13:38:40] - Connecting . . .
[09/10/24 13:38:41] - Connected, you login as KSR CLOUD
[09/10/24 13:54:55] - Connecting . . .
[09/10/24 13:54:57] - Connected, you login as KSR CLOUD
[09/10/24 13:55:10] - Connecting . . .
[09/10/24 13:55:12] - Connected, you login as KSR CLOUD
[09/10/24 13:57:28] - Connecting . . .
[09/10/24 13:57:29] - Connected, you login as KSR CLOUD
[09/10/24 14:38:47] - Connecting . . .
[09/10/24 14:38:49] - Connected, you login as KSR CLOUD
[09/10/24 15:38:04] - Connecting . . .
[09/10/24 15:38:05] - Connected, you login as KSR CLOUD
[09/10/24 16:15:48] - Connecting . . .
[09/10/24 16:15:50] - Connected, you login as KSR CLOUD
[09/10/24 16:15:53] - Connecting . . .
[09/10/24 16:15:55] - Connected, you login as KSR CLOUD
[09/10/24 16:33:35] - Connecting . . .
[09/10/24 16:33:37] - Connected, you login as KSR CLOUD
[09/10/24 16:35:17] - Connecting . . .
[09/10/24 16:35:18] - Connected, you login as KSR CLOUD
[09/10/24 21:23:34] - Connecting . . .
[09/10/24 21:23:35] - Connected, you login as KSR CLOUD
[10/10/24 14:52:24] - Connecting . . .
[10/10/24 14:52:27] - Connected, you login as KSR CLOUD
[10/10/24 15:14:45] - Connecting . . .
[10/10/24 15:14:47] - Connected, you login as KSR CLOUD
[10/10/24 16:28:17] - Connecting . . .
[10/10/24 16:28:19] - Connected, you login as KSR CLOUD
[10/10/24 16:28:47] - Connecting . . .
[10/10/24 16:28:48] - Connected, you login as KSR CLOUD
[11/10/24 01:19:25] - Connection closed, reconnecting . . .
[11/10/24 01:19:25] - Connecting . . .
[11/10/24 01:19:28] - Connected, you login as KSR CLOUD
[11/10/24 02:00:02] - Connection closed, reconnecting . . .
[11/10/24 02:00:02] - Connecting . . .
[11/10/24 02:00:04] - Connected, you login as KSR CLOUD
[11/10/24 04:51:33] - Connection lost, reconnecting . . .
[11/10/24 04:51:33] - Connecting . . .
[11/10/24 04:51:35] - Connected, you login as KSR CLOUD
[11/10/24 08:53:47] - Connection closed, reconnecting . . .
[11/10/24 08:53:47] - Connecting . . .
[11/10/24 08:53:49] - Connected, you login as KSR CLOUD
[11/10/24 09:05:01] - Connection error. (Reason: 503)
[11/10/24 09:05:07] - Connecting . . .
[11/10/24 09:05:08] - Connected, you login as KSR CLOUD
[11/10/24 09:15:07] - Connection error. (Reason: 503)
[11/10/24 09:15:11] - Connecting . . .
[11/10/24 09:15:12] - Connected, you login as KSR CLOUD
[12/10/24 08:11:05] - Connection closed, reconnecting . . .
[12/10/24 08:11:34] - Connecting . . .
[12/10/24 08:11:35] - Connected, you login as KSR CLOUD
[12/10/24 12:16:03] - Connecting . . .
[12/10/24 12:16:07] - Connected, you login as KSR CLOUD
[12/10/24 14:25:33] - Connection closed, reconnecting . . .
[12/10/24 14:25:33] - Connecting . . .
[12/10/24 14:25:34] - Connected, you login as KSR CLOUD
[12/10/24 15:30:25] - Connecting . . .
[12/10/24 15:30:26] - Connected, you login as KSR CLOUD
[12/10/24 21:48:26] - Connecting . . .
[12/10/24 21:48:27] - Connected, you login as KSR CLOUD
[12/10/24 22:01:51] - Connecting . . .
[12/10/24 22:01:53] - Connected, you login as KSR CLOUD
[13/10/24 07:06:48] - Connection closed, reconnecting . . .
[13/10/24 07:06:56] - Connecting . . .
[13/10/24 07:06:57] - Connected, you login as KSR CLOUD
[13/10/24 08:29:32] - Connection lost, reconnecting . . .
[13/10/24 08:30:41] - Connecting . . .
[13/10/24 08:30:42] - Connected, you login as KSR CLOUD
[13/10/24 08:44:35] - Connection lost, reconnecting . . .
[13/10/24 08:45:53] - Connecting . . .
[13/10/24 08:45:55] - Connected, you login as KSR CLOUD
[13/10/24 08:54:25] - Connection closed, reconnecting . . .
[13/10/24 08:54:25] - Connecting . . .
[13/10/24 08:54:26] - Connected, you login as KSR CLOUD
[13/10/24 09:11:22] - Connection lost, reconnecting . . .
[13/10/24 09:12:31] - Connecting . . .
[13/10/24 09:12:33] - Connected, you login as KSR CLOUD
[13/10/24 09:36:52] - Connection lost, reconnecting . . .
[13/10/24 09:39:50] - Connecting . . .
[13/10/24 09:39:52] - Connected, you login as KSR CLOUD
[13/10/24 09:57:15] - Connection lost, reconnecting . . .
[13/10/24 09:59:42] - Connecting . . .
[13/10/24 09:59:57] - Connected, you login as KSR CLOUD
[13/10/24 10:01:00] - Connection lost, reconnecting . . .
[13/10/24 10:01:54] - Connecting . . .
[13/10/24 10:01:59] - Connected, you login as KSR CLOUD
[13/10/24 10:08:31] - Connection lost, reconnecting . . .
[13/10/24 10:12:34] - Connection closed, reconnecting . . .
[13/10/24 10:12:41] - Connecting . . .
[13/10/24 10:15:41] - Connection lost, reconnecting . . .
[13/10/24 10:57:29] - Connecting . . .
[13/10/24 10:57:30] - Connecting . . .
[13/10/24 10:57:32] - Connected, you login as KSR CLOUD
[13/10/24 12:18:12] - Connecting . . .
[13/10/24 12:18:13] - Connected, you login as KSR CLOUD
[13/10/24 12:41:33] - Connecting . . .
[13/10/24 12:41:36] - Connected, you login as KSR CLOUD
[14/10/24 09:55:23] - Connecting . . .
[14/10/24 09:55:25] - Connected, you login as KSR CLOUD
[14/10/24 10:20:24] - Connecting . . .
[14/10/24 10:20:26] - Connected, you login as KSR CLOUD
[14/10/24 10:23:04] - Connecting . . .
[14/10/24 10:23:05] - Connected, you login as KSR CLOUD
[14/10/24 10:39:16] - Connecting . . .
[14/10/24 10:39:17] - Connected, you login as KSR CLOUD
[14/10/24 10:41:35] - Connecting . . .
[14/10/24 10:41:36] - Connected, you login as KSR CLOUD
[14/10/24 13:39:07] - Connecting . . .
[14/10/24 13:39:09] - Connected, you login as KSR CLOUD
[14/10/24 13:41:42] - Connecting . . .
[14/10/24 13:41:43] - Connected, you login as KSR CLOUD
[15/10/24 01:14:49] - Connection closed, reconnecting . . .
[15/10/24 01:14:49] - Connecting . . .
[15/10/24 01:14:50] - Connected, you login as KSR CLOUD
[15/10/24 04:22:23] - Connection closed, reconnecting . . .
[15/10/24 04:22:23] - Connecting . . .
[15/10/24 04:22:25] - Connected, you login as KSR CLOUD
[15/10/24 05:36:37] - Connection error. (Reason: 503)
[15/10/24 05:36:41] - Connecting . . .
[15/10/24 05:36:43] - Connected, you login as KSR CLOUD
[15/10/24 10:53:06] - Connecting . . .
[15/10/24 10:53:07] - Connected, you login as KSR CLOUD
[15/10/24 10:53:29] - Connecting . . .
[15/10/24 10:53:31] - Connected, you login as KSR CLOUD
[15/10/24 10:54:15] - Connecting . . .
[15/10/24 10:54:16] - Connected, you login as KSR CLOUD
[15/10/24 11:10:58] - Connecting . . .
[15/10/24 11:11:00] - Connected, you login as KSR CLOUD
[15/10/24 11:11:09] - Connecting . . .
[15/10/24 11:11:10] - Connected, you login as KSR CLOUD
[15/10/24 11:29:33] - Connecting . . .
[15/10/24 11:29:34] - Connected, you login as KSR CLOUD
[15/10/24 11:38:32] - Connecting . . .
[15/10/24 11:38:33] - Connected, you login as KSR CLOUD
[15/10/24 11:58:20] - Connecting . . .
[15/10/24 11:58:22] - Connected, you login as KSR CLOUD
[15/10/24 12:01:34] - Connecting . . .
[15/10/24 12:01:35] - Connected, you login as KSR CLOUD
[15/10/24 12:32:07] - Connecting . . .
[15/10/24 12:32:14] - Connected, you login as KSR CLOUD
